Flow report for fpga_UART
Mon Nov 12 21:37:24 2018
Quartus Prime Version 18.1.0 Build 625 09/12/2018 SJ Standard Edition


---------------------
; Table of Contents ;
---------------------
  1. Legal Notice
  2. Flow Summary
  3. Flow Settings
  4. Flow Non-Default Global Settings
  5. Flow Elapsed Time
  6. Flow OS Summary
  7. Flow Log
  8. Flow Messages
  9. Flow Suppressed Messages



----------------
; Legal Notice ;
----------------
Copyright (C) 2018  Intel Corporation. All rights reserved.
Your use of Intel Corporation's design tools, logic functions 
and other software and tools, and its AMPP partner logic 
functions, and any output files from any of the foregoing 
(including device programming or simulation files), and any 
associated documentation or information are expressly subject 
to the terms and conditions of the Intel Program License 
Subscription Agreement, the Intel Quartus Prime License Agreement,
the Intel FPGA IP License Agreement, or other applicable license
agreement, including, without limitation, that your use is for
the sole purpose of programming logic devices manufactured by
Intel and sold by Intel or its authorized distributors.  Please
refer to the applicable agreement for further details.



+-----------------------------------------------------------------------------------+
; Flow Summary                                                                      ;
+---------------------------------+-------------------------------------------------+
; Flow Status                     ; Successful - Mon Nov 12 21:37:24 2018           ;
; Quartus Prime Version           ; 18.1.0 Build 625 09/12/2018 SJ Standard Edition ;
; Revision Name                   ; fpga_UART                                       ;
; Top-level Entity Name           ; DE0_Nano_SoC_top_level                          ;
; Family                          ; Cyclone V                                       ;
; Device                          ; 5CSEMA4U23C6                                    ;
; Timing Models                   ; Final                                           ;
; Logic utilization (in ALMs)     ; 1,441 / 15,880 ( 9 % )                          ;
; Total registers                 ; 2205                                            ;
; Total pins                      ; 39 / 314 ( 12 % )                               ;
; Total virtual pins              ; 0                                               ;
; Total block memory bits         ; 1,112,320 / 2,764,800 ( 40 % )                  ;
; Total DSP Blocks                ; 3 / 84 ( 4 % )                                  ;
; Total HSSI RX PCSs              ; 0                                               ;
; Total HSSI PMA RX Deserializers ; 0                                               ;
; Total HSSI TX PCSs              ; 0                                               ;
; Total HSSI PMA TX Serializers   ; 0                                               ;
; Total PLLs                      ; 0 / 5 ( 0 % )                                   ;
; Total DLLs                      ; 0 / 4 ( 0 % )                                   ;
+---------------------------------+-------------------------------------------------+


+-----------------------------------------+
; Flow Settings                           ;
+-------------------+---------------------+
; Option            ; Setting             ;
+-------------------+---------------------+
; Start date & time ; 11/12/2018 21:33:50 ;
; Main task         ; Compilation         ;
; Revision Name     ; fpga_UART           ;
+-------------------+---------------------+


+----------------------------------------------------------------------------------------------------------------------------------------+
; Flow Non-Default Global Settings                                                                                                       ;
+-------------------------------------+----------------------------------------+---------------+------------------------+----------------+
; Assignment Name                     ; Value                                  ; Default Value ; Entity Name            ; Section Id     ;
+-------------------------------------+----------------------------------------+---------------+------------------------+----------------+
; COMPILER_SIGNATURE_ID               ; 24062491136.154205483014840            ; --            ; --                     ; --             ;
; EDA_OUTPUT_DATA_FORMAT              ; Vhdl                                   ; --            ; --                     ; eda_simulation ;
; EDA_SIMULATION_TOOL                 ; ModelSim-Altera (VHDL)                 ; <None>        ; --                     ; --             ;
; EDA_TIME_SCALE                      ; 1 ps                                   ; --            ; --                     ; eda_simulation ;
; MAX_CORE_JUNCTION_TEMP              ; 85                                     ; --            ; --                     ; --             ;
; MIN_CORE_JUNCTION_TEMP              ; 0                                      ; --            ; --                     ; --             ;
; PARTITION_COLOR                     ; -- (Not supported for targeted family) ; --            ; DE0_Nano_SoC_top_level ; Top            ;
; PARTITION_FITTER_PRESERVATION_LEVEL ; -- (Not supported for targeted family) ; --            ; DE0_Nano_SoC_top_level ; Top            ;
; PARTITION_NETLIST_TYPE              ; -- (Not supported for targeted family) ; --            ; DE0_Nano_SoC_top_level ; Top            ;
; POWER_BOARD_THERMAL_MODEL           ; None (CONSERVATIVE)                    ; --            ; --                     ; --             ;
; POWER_PRESET_COOLING_SOLUTION       ; 23 MM HEAT SINK WITH 200 LFPM AIRFLOW  ; --            ; --                     ; --             ;
; PROJECT_OUTPUT_DIRECTORY            ; output_files                           ; --            ; --                     ; --             ;
; TOP_LEVEL_ENTITY                    ; DE0_Nano_SoC_top_level                 ; fpga_UART     ; --                     ; --             ;
+-------------------------------------+----------------------------------------+---------------+------------------------+----------------+


+--------------------------------------------------------------------------------------------------------------------------+
; Flow Elapsed Time                                                                                                        ;
+----------------------+--------------+-------------------------+---------------------+------------------------------------+
; Module Name          ; Elapsed Time ; Average Processors Used ; Peak Virtual Memory ; Total CPU Time (on all processors) ;
+----------------------+--------------+-------------------------+---------------------+------------------------------------+
; Analysis & Synthesis ; 00:01:34     ; 1.0                     ; 5058 MB             ; 00:02:34                           ;
; Fitter               ; 00:01:21     ; 1.2                     ; 6551 MB             ; 00:03:49                           ;
; Assembler            ; 00:00:10     ; 1.0                     ; 4909 MB             ; 00:00:09                           ;
; Timing Analyzer      ; 00:00:15     ; 2.0                     ; 5199 MB             ; 00:00:25                           ;
; EDA Netlist Writer   ; 00:00:05     ; 1.0                     ; 4834 MB             ; 00:00:05                           ;
; Total                ; 00:03:25     ; --                      ; --                  ; 00:07:02                           ;
+----------------------+--------------+-------------------------+---------------------+------------------------------------+


+------------------------------------------------------------------------------------+
; Flow OS Summary                                                                    ;
+----------------------+------------------+------------+------------+----------------+
; Module Name          ; Machine Hostname ; OS Name    ; OS Version ; Processor type ;
+----------------------+------------------+------------+------------+----------------+
; Analysis & Synthesis ; GA-GL502         ; Windows 10 ; 10.0       ; x86_64         ;
; Fitter               ; GA-GL502         ; Windows 10 ; 10.0       ; x86_64         ;
; Assembler            ; GA-GL502         ; Windows 10 ; 10.0       ; x86_64         ;
; Timing Analyzer      ; GA-GL502         ; Windows 10 ; 10.0       ; x86_64         ;
; EDA Netlist Writer   ; GA-GL502         ; Windows 10 ; 10.0       ; x86_64         ;
+----------------------+------------------+------------+------------+----------------+


------------
; Flow Log ;
------------
quartus_map --read_settings_files=on --write_settings_files=off fpga_UART -c fpga_UART
quartus_fit --read_settings_files=off --write_settings_files=off fpga_UART -c fpga_UART
quartus_asm --read_settings_files=off --write_settings_files=off fpga_UART -c fpga_UART
quartus_sta fpga_UART -c fpga_UART
quartus_eda --read_settings_files=off --write_settings_files=off fpga_UART -c fpga_UART



